<?xml version="1.0" encoding="UTF-8"?>
<testng-results skipped="0" failed="0" total="1" passed="1">
  <reporter-output>
  </reporter-output>
  <suite name="Default suite" duration-ms="281" started-at="2020-08-07T09:14:38Z" finished-at="2020-08-07T09:14:38Z">
    <groups>
    </groups>
    <test name="Default test" duration-ms="281" started-at="2020-08-07T09:14:38Z" finished-at="2020-08-07T09:14:38Z">
      <class name="com.chengcai.day04.Log4jDemo05">
        <test-method status="PASS" signature="insertEmp()[pri:0, instance:com.chengcai.day04.Log4jDemo05@6833ce2c]" name="insertEmp" duration-ms="265" started-at="2020-08-07T17:14:38Z" finished-at="2020-08-07T17:14:38Z">
          <reporter-output>
          </reporter-output>
        </test-method> <!-- insertEmp -->
      </class> <!-- com.chengcai.day04.Log4jDemo05 -->
    </test> <!-- Default test -->
  </suite> <!-- Default suite -->
</testng-results>
