<?xml version="1.0" encoding="UTF-8"?>
<testng-results skipped="0" failed="0" total="1" passed="1">
  <reporter-output>
  </reporter-output>
  <suite name="Default suite" duration-ms="8319" started-at="2020-09-16T12:52:08Z" finished-at="2020-09-16T12:52:16Z">
    <groups>
    </groups>
    <test name="Default test" duration-ms="8319" started-at="2020-09-16T12:52:08Z" finished-at="2020-09-16T12:52:16Z">
      <class name="org.chengcai.day05.AccountCharge02Test">
        <test-method status="PASS" signature="accountCharge(java.lang.String, java.lang.String, java.lang.String, java.lang.String, java.lang.String, java.lang.String, java.lang.String)[pri:0, instance:org.chengcai.day05.AccountCharge02Test@1fbc7afb]" name="accountCharge" duration-ms="6566" started-at="2020-09-16T20:52:10Z" data-provider="data" finished-at="2020-09-16T20:52:16Z">
          <params>
            <param index="0">
              <value>
                <![CDATA[转账_001]]>
              </value>
            </param>
            <param index="1">
              <value>
                <![CDATA[测试正确转账流程]]>
              </value>
            </param>
            <param index="2">
              <value>
                <![CDATA[钱小花]]>
              </value>
            </param>
            <param index="3">
              <value>
                <![CDATA[12345678]]>
              </value>
            </param>
            <param index="4">
              <value>
                <![CDATA[建设银行]]>
              </value>
            </param>
            <param index="5">
              <value>
                <![CDATA[1000]]>
              </value>
            </param>
            <param index="6">
              <value>
                <![CDATA[转账成功]]>
              </value>
            </param>
          </params>
          <reporter-output>
          </reporter-output>
        </test-method> <!-- accountCharge -->
      </class> <!-- org.chengcai.day05.AccountCharge02Test -->
    </test> <!-- Default test -->
  </suite> <!-- Default suite -->
</testng-results>
